<?xml version="1.0" encoding="utf-8"?>
<androidx.constraintlayout.widget.ConstraintLayout xmlns:android="http://schemas.android.com/apk/res/android"
    xmlns:app="http://schemas.android.com/apk/res-auto"
    xmlns:tools="http://schemas.android.com/tools"
    android:layout_width="match_parent"
    android:layout_height="match_parent">

    <TextView
        android:id="@+id/textView9"
        android:layout_width="wrap_content"
        android:layout_height="wrap_content"
        android:layout_marginTop="16dp"
        android:layout_marginEnd="80dp"
        android:text="Your Test Result"
        android:textAlignment="textStart"
        android:textColor="@color/black"
        android:textSize="34sp"
        android:textStyle="bold"
        app:layout_constraintEnd_toEndOf="parent"
        app:layout_constraintTop_toTopOf="parent" />

    <Button
        android:id="@+id/finishButton"
        android:layout_width="wrap_content"
        android:layout_height="wrap_content"
        android:layout_marginTop="32dp"
        android:layout_marginEnd="160dp"
        android:text="Finish"
        app:layout_constraintEnd_toEndOf="parent"
        app:layout_constraintTop_toBottomOf="@+id/finalResultTextView" />

    <TextView
        android:id="@+id/textView14"
        android:layout_width="wrap_content"
        android:layout_height="wrap_content"
        android:layout_marginStart="16dp"
        android:layout_marginTop="132dp"
        android:text="Date"
        android:textAlignment="textStart"
        android:textColor="@color/black"
        android:textSize="24sp"
        android:textStyle="bold"
        app:layout_constraintStart_toStartOf="parent"
        app:layout_constraintTop_toTopOf="parent" />

    <TextView
        android:id="@+id/DateTextView"
        android:layout_width="wrap_content"
        android:layout_height="wrap_content"
        android:layout_marginStart="16dp"
        android:text="DATE"
        android:textColor="@color/black"
        android:textSize="20sp"
        android:textStyle="bold"
        app:layout_constraintStart_toStartOf="parent"
        app:layout_constraintTop_toBottomOf="@+id/textView14" />

    <TextView
        android:id="@+id/textView15"
        android:layout_width="wrap_content"
        android:layout_height="wrap_content"
        android:layout_marginStart="16dp"
        android:layout_marginTop="26dp"
        android:text="Time"
        android:textAlignment="textStart"
        android:textColor="@color/black"
        android:textSize="24sp"
        android:textStyle="bold"
        app:layout_constraintStart_toStartOf="parent"
        app:layout_constraintTop_toBottomOf="@+id/DateTextView" />

    <TextView
        android:id="@+id/timeTextView"
        android:layout_width="wrap_content"
        android:layout_height="wrap_content"
        android:layout_marginStart="16dp"
        android:text="TextView"
        android:textColor="@color/black"
        android:textSize="20sp"
        app:layout_constraintStart_toStartOf="parent"
        app:layout_constraintTop_toBottomOf="@+id/textView15" />

    <TextView
        android:id="@+id/textView17"
        android:layout_width="wrap_content"
        android:layout_height="wrap_content"
        android:layout_marginStart="17dp"
        android:layout_marginTop="26dp"
        android:text="Final Result"
        android:textAlignment="textStart"
        android:textColor="@color/black"
        android:textSize="24sp"
        android:textStyle="bold"
        app:layout_constraintStart_toStartOf="parent"
        app:layout_constraintTop_toBottomOf="@+id/timeTextView" />

    <TextView
        android:id="@+id/finalResultTextView"
        android:layout_width="wrap_content"
        android:layout_height="wrap_content"
        android:layout_marginStart="17dp"
        android:text="Final"
        android:textColor="@color/black"
        android:textSize="20sp"
        app:layout_constraintStart_toStartOf="parent"
        app:layout_constraintTop_toBottomOf="@+id/textView17" />
</androidx.constraintlayout.widget.ConstraintLayout>